Using pre-set license
Built from '2020.3/release' branch; Version is '2020.3.7f1 (dd97f2c94397) revision 14522354'; Using compiler version '192528614'; Build Type 'Release'
OS: 'Windows 10 Home; OS build 19042.985; Version 2009; 64bit' Language: 'en' Physical Memory: 16335 MB
BatchMode: 1, IsHumanControllingUs: 0, StartBugReporterOnCrash: 0, Is64bit: 1, IsPro: 0

 COMMAND LINE ARGUMENTS:
E:\___PROGRAMMING\Unity\2020.3.7f1\Editor\Unity.exe
-adb2
-batchMode
-noUpm
-name
AssetImportWorker0
-projectPath
E:/___PROGRAMMING/Unity/Top-Down-Basic/Space Shooter
-logFile
Logs/AssetImportWorker0.log
-srvPort
51119
Successfully changed project path to: E:/___PROGRAMMING/Unity/Top-Down-Basic/Space Shooter
E:/___PROGRAMMING/Unity/Top-Down-Basic/Space Shooter
Using Asset Import Pipeline V2.
Refreshing native plugins compatible for Editor in 48.61 ms, found 1 plugins.
Preloading 0 native plugins for Editor in 0.00 ms.
Initialize engine version: 2020.3.7f1 (dd97f2c94397)
[Subsystems] Discovering subsystems at path E:/___PROGRAMMING/Unity/2020.3.7f1/Editor/Data/Resources/UnitySubsystems
[Subsystems] Discovering subsystems at path E:/___PROGRAMMING/Unity/Top-Down-Basic/Space Shooter/Assets
GfxDevice: creating device client; threaded=0
Direct3D:
    Version:  Direct3D 11.0 [level 11.1]
    Renderer: NVIDIA GeForce GTX 1060 6GB (ID=0x1c03)
    Vendor:   
    VRAM:     6052 MB
    Driver:   27.21.14.6627
Initialize mono
Mono path[0] = 'E:/___PROGRAMMING/Unity/2020.3.7f1/Editor/Data/Managed'
Mono path[1] = 'E:/___PROGRAMMING/Unity/2020.3.7f1/Editor/Data/MonoBleedingEdge/lib/mono/unityjit'
Mono config path = 'E:/___PROGRAMMING/Unity/2020.3.7f1/Editor/Data/MonoBleedingEdge/etc'
Using monoOptions --debugger-agent=transport=dt_socket,embedding=1,server=y,suspend=n,address=127.0.0.1:56256
Begin MonoManager ReloadAssembly
Registering precompiled unity dll's ...
Register platform support module: E:/___PROGRAMMING/Unity/2020.3.7f1/Editor/Data/PlaybackEngines/WindowsStandaloneSupport/UnityEditor.WindowsStandalone.Extensions.dll
Registered in 0.001197 seconds.
Native extension for WindowsStandalone target not found
Refreshing native plugins compatible for Editor in 51.02 ms, found 1 plugins.
Preloading 0 native plugins for Editor in 0.00 ms.
Mono: successfully reloaded assembly
- Completed reload, in  1.035 seconds
Platform modules already initialized, skipping
Registering precompiled user dll's ...
Registered in 0.000819 seconds.
Begin MonoManager ReloadAssembly
Native extension for WindowsStandalone target not found
Refreshing native plugins compatible for Editor in 45.09 ms, found 1 plugins.
Preloading 0 native plugins for Editor in 0.00 ms.
Mono: successfully reloaded assembly
- Completed reload, in  0.999 seconds
Platform modules already initialized, skipping
========================================================================
Worker process is ready to serve import requests
Launched and connected shader compiler UnityShaderCompiler.exe after 0.05 seconds
Refreshing native plugins compatible for Editor in 0.48 ms, found 1 plugins.
Preloading 0 native plugins for Editor in 0.00 ms.
Unloading 1810 Unused Serialized files (Serialized files now loaded: 0)
System memory in use before: 85.1 MB.
System memory in use after: 85.1 MB.

Unloading 24 unused Assets to reduce memory usage. Loaded Objects now: 2252.
Total: 2.075100 ms (FindLiveObjects: 0.210600 ms CreateObjectMapping: 0.044100 ms MarkObjects: 1.689900 ms  DeleteObjects: 0.129100 ms)

========================================================================
Received Import Request.
  path: Assets/Scripts/Shredder.cs
  artifactKey: Guid(22bd32971263f0346b13f12b4aa28511) Importer(815301076,1909f56bfc062723c751e8b465ee728b)
Start importing Assets/Scripts/Shredder.cs using Guid(22bd32971263f0346b13f12b4aa28511) Importer(815301076,1909f56bfc062723c751e8b465ee728b)  -> (artifact id: '639d2d91a7b4d26ffbfe04206b7e93cd') in 0.052048 seconds
  Import took 0.087973 seconds .

========================================================================
Received Prepare
Registering precompiled user dll's ...
Registered in 0.000967 seconds.
Begin MonoManager ReloadAssembly
Native extension for WindowsStandalone target not found
Refreshing native plugins compatible for Editor in 0.39 ms, found 1 plugins.
Preloading 0 native plugins for Editor in 0.00 ms.
Mono: successfully reloaded assembly
- Completed reload, in  0.893 seconds
Platform modules already initialized, skipping
Refreshing native plugins compatible for Editor in 0.41 ms, found 1 plugins.
Preloading 0 native plugins for Editor in 0.00 ms.
Unloading 1805 Unused Serialized files (Serialized files now loaded: 0)
System memory in use before: 85.1 MB.
System memory in use after: 85.1 MB.

Unloading 12 unused Assets to reduce memory usage. Loaded Objects now: 2256.
Total: 2.207700 ms (FindLiveObjects: 0.237900 ms CreateObjectMapping: 0.051600 ms MarkObjects: 1.803800 ms  DeleteObjects: 0.113300 ms)

========================================================================
Received Import Request.
  Time since last request: 146.352093 seconds.
  path: Assets/Scripts/Shredder.cs
  artifactKey: Guid(22bd32971263f0346b13f12b4aa28511) Importer(815301076,1909f56bfc062723c751e8b465ee728b)
Start importing Assets/Scripts/Shredder.cs using Guid(22bd32971263f0346b13f12b4aa28511) Importer(815301076,1909f56bfc062723c751e8b465ee728b)  -> (artifact id: '305a8be7ded9de566f5ee399f4561b5d') in 0.004585 seconds
  Import took 0.024578 seconds .

========================================================================
Received Prepare
Registering precompiled user dll's ...
Registered in 0.000822 seconds.
Begin MonoManager ReloadAssembly
Native extension for WindowsStandalone target not found
Refreshing native plugins compatible for Editor in 0.38 ms, found 1 plugins.
Preloading 0 native plugins for Editor in 0.00 ms.
Mono: successfully reloaded assembly
- Completed reload, in  0.856 seconds
Platform modules already initialized, skipping
Refreshing native plugins compatible for Editor in 0.40 ms, found 1 plugins.
Preloading 0 native plugins for Editor in 0.00 ms.
Unloading 1805 Unused Serialized files (Serialized files now loaded: 0)
System memory in use before: 85.1 MB.
System memory in use after: 85.1 MB.

Unloading 12 unused Assets to reduce memory usage. Loaded Objects now: 2260.
Total: 1.972300 ms (FindLiveObjects: 0.183500 ms CreateObjectMapping: 0.041600 ms MarkObjects: 1.631900 ms  DeleteObjects: 0.114000 ms)

========================================================================
Received Import Request.
  Time since last request: 48.020637 seconds.
  path: Assets/Prefabs/Laser.prefab
  artifactKey: Guid(cbd2e3f98b9709d4eb59496fa44b59e6) Importer(815301076,1909f56bfc062723c751e8b465ee728b)
Start importing Assets/Prefabs/Laser.prefab using Guid(cbd2e3f98b9709d4eb59496fa44b59e6) Importer(815301076,1909f56bfc062723c751e8b465ee728b)  -> (artifact id: '498b4d8d86efb179efc8c73db1816f83') in 0.144096 seconds
  Import took 0.147618 seconds .

========================================================================
Received Import Request.
  Time since last request: 8.765509 seconds.
  path: Assets/Prefabs/Laser.prefab
  artifactKey: Guid(cbd2e3f98b9709d4eb59496fa44b59e6) Importer(815301076,1909f56bfc062723c751e8b465ee728b)
Start importing Assets/Prefabs/Laser.prefab using Guid(cbd2e3f98b9709d4eb59496fa44b59e6) Importer(815301076,1909f56bfc062723c751e8b465ee728b)  -> (artifact id: '86c01f7bf83e97c8bdcb23db5b428ba1') in 0.008555 seconds
  Import took 0.012156 seconds .

========================================================================
Received Import Request.
  Time since last request: 0.007955 seconds.
  path: Assets/Prefabs/Laser.prefab
  artifactKey: Guid(cbd2e3f98b9709d4eb59496fa44b59e6) Importer(815301076,1909f56bfc062723c751e8b465ee728b)
Start importing Assets/Prefabs/Laser.prefab using Guid(cbd2e3f98b9709d4eb59496fa44b59e6) Importer(815301076,1909f56bfc062723c751e8b465ee728b)  -> (artifact id: '86c01f7bf83e97c8bdcb23db5b428ba1') in 0.010309 seconds
  Import took 0.013652 seconds .

========================================================================
Received Prepare
Registering precompiled user dll's ...
Registered in 0.000842 seconds.
Begin MonoManager ReloadAssembly
Native extension for WindowsStandalone target not found
Refreshing native plugins compatible for Editor in 0.39 ms, found 1 plugins.
Preloading 0 native plugins for Editor in 0.00 ms.
Mono: successfully reloaded assembly
- Completed reload, in  0.885 seconds
Platform modules already initialized, skipping
Refreshing native plugins compatible for Editor in 0.37 ms, found 1 plugins.
Preloading 0 native plugins for Editor in 0.00 ms.
Unloading 1805 Unused Serialized files (Serialized files now loaded: 0)
System memory in use before: 88.3 MB.
System memory in use after: 88.2 MB.

Unloading 12 unused Assets to reduce memory usage. Loaded Objects now: 2271.
Total: 2.739800 ms (FindLiveObjects: 0.324700 ms CreateObjectMapping: 0.067700 ms MarkObjects: 2.213300 ms  DeleteObjects: 0.133000 ms)

========================================================================
Received Prepare
Registering precompiled user dll's ...
Registered in 0.000835 seconds.
Begin MonoManager ReloadAssembly
Native extension for WindowsStandalone target not found
Refreshing native plugins compatible for Editor in 0.65 ms, found 1 plugins.
Preloading 0 native plugins for Editor in 0.00 ms.
Mono: successfully reloaded assembly
- Completed reload, in  0.884 seconds
Platform modules already initialized, skipping
Refreshing native plugins compatible for Editor in 0.38 ms, found 1 plugins.
Preloading 0 native plugins for Editor in 0.00 ms.
Unloading 1805 Unused Serialized files (Serialized files now loaded: 0)
System memory in use before: 88.3 MB.
System memory in use after: 88.2 MB.

Unloading 12 unused Assets to reduce memory usage. Loaded Objects now: 2275.
Total: 2.270900 ms (FindLiveObjects: 0.228000 ms CreateObjectMapping: 0.047400 ms MarkObjects: 1.870700 ms  DeleteObjects: 0.123200 ms)

========================================================================
Received Prepare
Registering precompiled user dll's ...
Registered in 0.000869 seconds.
Begin MonoManager ReloadAssembly
Native extension for WindowsStandalone target not found
Refreshing native plugins compatible for Editor in 0.40 ms, found 1 plugins.
Preloading 0 native plugins for Editor in 0.00 ms.
Mono: successfully reloaded assembly
- Completed reload, in  0.903 seconds
Platform modules already initialized, skipping
Refreshing native plugins compatible for Editor in 0.43 ms, found 1 plugins.
Preloading 0 native plugins for Editor in 0.00 ms.
Unloading 1805 Unused Serialized files (Serialized files now loaded: 0)
System memory in use before: 88.3 MB.
System memory in use after: 88.3 MB.

Unloading 12 unused Assets to reduce memory usage. Loaded Objects now: 2279.
Total: 2.151800 ms (FindLiveObjects: 0.234300 ms CreateObjectMapping: 0.044600 ms MarkObjects: 1.749900 ms  DeleteObjects: 0.121700 ms)

========================================================================
Received Import Request.
  Time since last request: 385.021035 seconds.
  path: Assets/Prefabs/PlaySpace.prefab
  artifactKey: Guid(ab3ece9b52be10543b9847b0ac18831a) Importer(815301076,1909f56bfc062723c751e8b465ee728b)
Start importing Assets/Prefabs/PlaySpace.prefab using Guid(ab3ece9b52be10543b9847b0ac18831a) Importer(815301076,1909f56bfc062723c751e8b465ee728b)  -> (artifact id: '4ccd366fee8d09f4e37c760362b11dcd') in 0.082196 seconds
  Import took 0.098381 seconds .

========================================================================
Received Prepare
Registering precompiled user dll's ...
Registered in 0.000891 seconds.
Begin MonoManager ReloadAssembly
Native extension for WindowsStandalone target not found
Refreshing native plugins compatible for Editor in 0.43 ms, found 1 plugins.
Preloading 0 native plugins for Editor in 0.00 ms.
Mono: successfully reloaded assembly
- Completed reload, in  0.914 seconds
Platform modules already initialized, skipping
Refreshing native plugins compatible for Editor in 0.44 ms, found 1 plugins.
Preloading 0 native plugins for Editor in 0.00 ms.
Unloading 1805 Unused Serialized files (Serialized files now loaded: 0)
System memory in use before: 88.3 MB.
System memory in use after: 88.3 MB.

Unloading 12 unused Assets to reduce memory usage. Loaded Objects now: 2284.
Total: 2.071300 ms (FindLiveObjects: 0.190800 ms CreateObjectMapping: 0.043900 ms MarkObjects: 1.719900 ms  DeleteObjects: 0.115200 ms)

========================================================================
Received Import Request.
  Time since last request: 141.491735 seconds.
  path: Assets/Prefabs/PlaySpace.prefab
  artifactKey: Guid(ab3ece9b52be10543b9847b0ac18831a) Importer(815301076,1909f56bfc062723c751e8b465ee728b)
Start importing Assets/Prefabs/PlaySpace.prefab using Guid(ab3ece9b52be10543b9847b0ac18831a) Importer(815301076,1909f56bfc062723c751e8b465ee728b)  -> (artifact id: '065eb248fe283cfb83f0e2dfab4f9600') in 0.079723 seconds
  Import took 0.082963 seconds .

========================================================================
Received Import Request.
  Time since last request: 1.076387 seconds.
  path: Assets/Prefabs/PlaySpace.prefab
  artifactKey: Guid(ab3ece9b52be10543b9847b0ac18831a) Importer(815301076,1909f56bfc062723c751e8b465ee728b)
Start importing Assets/Prefabs/PlaySpace.prefab using Guid(ab3ece9b52be10543b9847b0ac18831a) Importer(815301076,1909f56bfc062723c751e8b465ee728b)  -> (artifact id: 'e01cc4dfd277455829f62a6daef77729') in 0.017077 seconds
  Import took 0.051714 seconds .

========================================================================
Received Import Request.
  Time since last request: 0.758487 seconds.
  path: Assets/Prefabs/PlaySpace.prefab
  artifactKey: Guid(ab3ece9b52be10543b9847b0ac18831a) Importer(815301076,1909f56bfc062723c751e8b465ee728b)
Start importing Assets/Prefabs/PlaySpace.prefab using Guid(ab3ece9b52be10543b9847b0ac18831a) Importer(815301076,1909f56bfc062723c751e8b465ee728b)  -> (artifact id: '7c7978b0a36ee5c06d33562a2beafd96') in 0.016418 seconds
  Import took 0.019752 seconds .

========================================================================
Received Prepare
Registering precompiled user dll's ...
Registered in 0.001202 seconds.
Begin MonoManager ReloadAssembly
Native extension for WindowsStandalone target not found
Refreshing native plugins compatible for Editor in 0.37 ms, found 1 plugins.
Preloading 0 native plugins for Editor in 0.00 ms.
Mono: successfully reloaded assembly
- Completed reload, in  0.893 seconds
Platform modules already initialized, skipping
Refreshing native plugins compatible for Editor in 0.36 ms, found 1 plugins.
Preloading 0 native plugins for Editor in 0.00 ms.
Unloading 1805 Unused Serialized files (Serialized files now loaded: 0)
System memory in use before: 88.3 MB.
System memory in use after: 88.3 MB.

Unloading 12 unused Assets to reduce memory usage. Loaded Objects now: 2289.
Total: 1.962100 ms (FindLiveObjects: 0.187500 ms CreateObjectMapping: 0.042200 ms MarkObjects: 1.613700 ms  DeleteObjects: 0.117700 ms)

========================================================================
Received Prepare
Registering precompiled user dll's ...
Registered in 0.000823 seconds.
Begin MonoManager ReloadAssembly
Native extension for WindowsStandalone target not found
Refreshing native plugins compatible for Editor in 0.38 ms, found 1 plugins.
Preloading 0 native plugins for Editor in 0.00 ms.
Mono: successfully reloaded assembly
- Completed reload, in  0.870 seconds
Platform modules already initialized, skipping
Refreshing native plugins compatible for Editor in 0.38 ms, found 1 plugins.
Preloading 0 native plugins for Editor in 0.00 ms.
Unloading 1805 Unused Serialized files (Serialized files now loaded: 0)
System memory in use before: 88.3 MB.
System memory in use after: 88.3 MB.

Unloading 12 unused Assets to reduce memory usage. Loaded Objects now: 2293.
Total: 2.005100 ms (FindLiveObjects: 0.206600 ms CreateObjectMapping: 0.044700 ms MarkObjects: 1.635200 ms  DeleteObjects: 0.117500 ms)

========================================================================
Received Import Request.
  Time since last request: 466.167515 seconds.
  path: Packages/com.unity.2d.path
  artifactKey: Guid(b408cb5710d3960a737996681ad0c300) Importer(815301076,1909f56bfc062723c751e8b465ee728b)
Start importing Packages/com.unity.2d.path using Guid(b408cb5710d3960a737996681ad0c300) Importer(815301076,1909f56bfc062723c751e8b465ee728b)  -> (artifact id: '82fa98f867f82921cfb853860399ad11') in 0.009908 seconds
  Import took 0.013466 seconds .

========================================================================
Received Import Request.
  Time since last request: 2.471145 seconds.
  path: Packages/com.unity.2d.path/package.json
  artifactKey: Guid(990785fe75c54584ab4201a3e20e1655) Importer(815301076,1909f56bfc062723c751e8b465ee728b)
Start importing Packages/com.unity.2d.path/package.json using Guid(990785fe75c54584ab4201a3e20e1655) Importer(815301076,1909f56bfc062723c751e8b465ee728b)  -> (artifact id: 'b63f310ce75b7d17c92b8d4dbe972eaa') in 0.045236 seconds
  Import took 0.049199 seconds .

========================================================================
Received Import Request.
  Time since last request: 15.008032 seconds.
  path: Assets/Prefabs/Main Camera.prefab
  artifactKey: Guid(e95ef381fa209eb44b326b98e25329f5) Importer(815301076,1909f56bfc062723c751e8b465ee728b)
Start importing Assets/Prefabs/Main Camera.prefab using Guid(e95ef381fa209eb44b326b98e25329f5) Importer(815301076,1909f56bfc062723c751e8b465ee728b)  -> (artifact id: 'ec36938fb9c40a29a3a4378ef37426eb') in 0.022167 seconds
  Import took 0.025163 seconds .

========================================================================
Received Prepare
Registering precompiled user dll's ...
Registered in 0.000831 seconds.
Begin MonoManager ReloadAssembly
Native extension for WindowsStandalone target not found
Refreshing native plugins compatible for Editor in 0.38 ms, found 1 plugins.
Preloading 0 native plugins for Editor in 0.00 ms.
Mono: successfully reloaded assembly
- Completed reload, in  0.875 seconds
Platform modules already initialized, skipping
Refreshing native plugins compatible for Editor in 0.57 ms, found 1 plugins.
Preloading 0 native plugins for Editor in 0.00 ms.
Unloading 1806 Unused Serialized files (Serialized files now loaded: 0)
System memory in use before: 88.4 MB.
System memory in use after: 88.4 MB.

Unloading 12 unused Assets to reduce memory usage. Loaded Objects now: 2298.
Total: 2.033800 ms (FindLiveObjects: 0.219100 ms CreateObjectMapping: 0.043400 ms MarkObjects: 1.655400 ms  DeleteObjects: 0.114600 ms)

========================================================================
Received Prepare
Registering precompiled user dll's ...
Registered in 0.000836 seconds.
Begin MonoManager ReloadAssembly
Native extension for WindowsStandalone target not found
Refreshing native plugins compatible for Editor in 0.43 ms, found 1 plugins.
Preloading 0 native plugins for Editor in 0.00 ms.
Mono: successfully reloaded assembly
- Completed reload, in  1.078 seconds
Platform modules already initialized, skipping
Refreshing native plugins compatible for Editor in 0.40 ms, found 1 plugins.
Preloading 0 native plugins for Editor in 0.00 ms.
Unloading 1806 Unused Serialized files (Serialized files now loaded: 0)
System memory in use before: 88.4 MB.
System memory in use after: 88.4 MB.

Unloading 12 unused Assets to reduce memory usage. Loaded Objects now: 2302.
Total: 2.827200 ms (FindLiveObjects: 0.262700 ms CreateObjectMapping: 0.047100 ms MarkObjects: 2.375400 ms  DeleteObjects: 0.140500 ms)

========================================================================
Received Import Request.
  Time since last request: 217.965872 seconds.
  path: Assets/Scripts/EnemyPath.cs
  artifactKey: Guid(e58d5c64351a6714482a39c221e4043e) Importer(815301076,1909f56bfc062723c751e8b465ee728b)
Start importing Assets/Scripts/EnemyPath.cs using Guid(e58d5c64351a6714482a39c221e4043e) Importer(815301076,1909f56bfc062723c751e8b465ee728b)  -> (artifact id: '0d837b561769950711a4f3a8ee3eb7e0') in 0.009317 seconds
  Import took 0.057968 seconds .

========================================================================
Received Prepare
Registering precompiled user dll's ...
Registered in 0.001202 seconds.
Begin MonoManager ReloadAssembly
Native extension for WindowsStandalone target not found
Refreshing native plugins compatible for Editor in 0.49 ms, found 1 plugins.
Preloading 0 native plugins for Editor in 0.00 ms.
Mono: successfully reloaded assembly
- Completed reload, in  0.870 seconds
Platform modules already initialized, skipping
Refreshing native plugins compatible for Editor in 0.50 ms, found 1 plugins.
Preloading 0 native plugins for Editor in 0.00 ms.
Unloading 1806 Unused Serialized files (Serialized files now loaded: 0)
System memory in use before: 88.4 MB.
System memory in use after: 88.4 MB.

Unloading 12 unused Assets to reduce memory usage. Loaded Objects now: 2306.
Total: 2.629400 ms (FindLiveObjects: 0.338500 ms CreateObjectMapping: 0.045100 ms MarkObjects: 2.115000 ms  DeleteObjects: 0.129000 ms)

========================================================================
Received Import Request.
  Time since last request: 43.832917 seconds.
  path: Assets/Scripts/EnemyPath.cs
  artifactKey: Guid(e58d5c64351a6714482a39c221e4043e) Importer(815301076,1909f56bfc062723c751e8b465ee728b)
Start importing Assets/Scripts/EnemyPath.cs using Guid(e58d5c64351a6714482a39c221e4043e) Importer(815301076,1909f56bfc062723c751e8b465ee728b)  -> (artifact id: '90dfb41bbec4096277065caa2f3bb04b') in 0.004857 seconds
  Import took 0.025507 seconds .

========================================================================
Received Prepare
Registering precompiled user dll's ...
Registered in 0.000837 seconds.
Begin MonoManager ReloadAssembly
Native extension for WindowsStandalone target not found
Refreshing native plugins compatible for Editor in 0.39 ms, found 1 plugins.
Preloading 0 native plugins for Editor in 0.00 ms.
Mono: successfully reloaded assembly
- Completed reload, in  0.871 seconds
Platform modules already initialized, skipping
Refreshing native plugins compatible for Editor in 0.36 ms, found 1 plugins.
Preloading 0 native plugins for Editor in 0.00 ms.
Unloading 1806 Unused Serialized files (Serialized files now loaded: 0)
System memory in use before: 88.4 MB.
System memory in use after: 88.4 MB.

Unloading 12 unused Assets to reduce memory usage. Loaded Objects now: 2310.
Total: 2.436200 ms (FindLiveObjects: 0.407200 ms CreateObjectMapping: 0.096000 ms MarkObjects: 1.788500 ms  DeleteObjects: 0.143000 ms)

========================================================================
Received Import Request.
  Time since last request: 74.135948 seconds.
  path: Assets/Scripts/EnemyPath.cs
  artifactKey: Guid(e58d5c64351a6714482a39c221e4043e) Importer(815301076,1909f56bfc062723c751e8b465ee728b)
Start importing Assets/Scripts/EnemyPath.cs using Guid(e58d5c64351a6714482a39c221e4043e) Importer(815301076,1909f56bfc062723c751e8b465ee728b)  -> (artifact id: '9eb866a535f291bd4d1d349fcc47adb4') in 0.004686 seconds
  Import took 0.039806 seconds .

========================================================================
Received Prepare
Registering precompiled user dll's ...
Registered in 0.000849 seconds.
Begin MonoManager ReloadAssembly
Native extension for WindowsStandalone target not found
Refreshing native plugins compatible for Editor in 0.38 ms, found 1 plugins.
Preloading 0 native plugins for Editor in 0.00 ms.
Mono: successfully reloaded assembly
- Completed reload, in  0.890 seconds
Platform modules already initialized, skipping
Refreshing native plugins compatible for Editor in 0.37 ms, found 1 plugins.
Preloading 0 native plugins for Editor in 0.00 ms.
Unloading 1806 Unused Serialized files (Serialized files now loaded: 0)
System memory in use before: 88.4 MB.
System memory in use after: 88.4 MB.

Unloading 12 unused Assets to reduce memory usage. Loaded Objects now: 2314.
Total: 2.096900 ms (FindLiveObjects: 0.243800 ms CreateObjectMapping: 0.047000 ms MarkObjects: 1.689400 ms  DeleteObjects: 0.115700 ms)

========================================================================
Received Import Request.
  Time since last request: 173.355683 seconds.
  path: Assets/Prefabs/Enemy.prefab
  artifactKey: Guid(1f8653097de488843baf861cfa18ceea) Importer(815301076,1909f56bfc062723c751e8b465ee728b)
Start importing Assets/Prefabs/Enemy.prefab using Guid(1f8653097de488843baf861cfa18ceea) Importer(815301076,1909f56bfc062723c751e8b465ee728b)  -> (artifact id: 'e8bd28b72fac1ba04b6feee16234a0bb') in 0.061881 seconds
  Import took 0.083375 seconds .

========================================================================
Received Import Request.
  Time since last request: 0.001487 seconds.
  path: Assets/Prefabs/Enemy.prefab
  artifactKey: Guid(1f8653097de488843baf861cfa18ceea) Importer(815301076,1909f56bfc062723c751e8b465ee728b)
Start importing Assets/Prefabs/Enemy.prefab using Guid(1f8653097de488843baf861cfa18ceea) Importer(815301076,1909f56bfc062723c751e8b465ee728b)  -> (artifact id: 'e8bd28b72fac1ba04b6feee16234a0bb') in 0.012879 seconds
  Import took 0.015911 seconds .

========================================================================
Received Import Request.
  Time since last request: 17.351118 seconds.
  path: Assets/Prefabs/Path(0).prefab
  artifactKey: Guid(ae91ff08f7930b6419a50e1a3051c9da) Importer(815301076,1909f56bfc062723c751e8b465ee728b)
Start importing Assets/Prefabs/Path(0).prefab using Guid(ae91ff08f7930b6419a50e1a3051c9da) Importer(815301076,1909f56bfc062723c751e8b465ee728b)  -> (artifact id: 'de7c96f3b8c7dbf6f8ac52372fa566e2') in 0.009613 seconds
  Import took 0.019900 seconds .

========================================================================
Received Import Request.
  Time since last request: 3.913501 seconds.
  path: Assets/Prefabs/Enemy.prefab
  artifactKey: Guid(1f8653097de488843baf861cfa18ceea) Importer(815301076,1909f56bfc062723c751e8b465ee728b)
Start importing Assets/Prefabs/Enemy.prefab using Guid(1f8653097de488843baf861cfa18ceea) Importer(815301076,1909f56bfc062723c751e8b465ee728b)  -> (artifact id: 'facf611d52a72e932a55d465f4587a33') in 0.007903 seconds
  Import took 0.035342 seconds .

========================================================================
Received Prepare
Registering precompiled user dll's ...
Registered in 0.000817 seconds.
Begin MonoManager ReloadAssembly
Native extension for WindowsStandalone target not found
Refreshing native plugins compatible for Editor in 0.37 ms, found 1 plugins.
Preloading 0 native plugins for Editor in 0.00 ms.
Mono: successfully reloaded assembly
- Completed reload, in  0.925 seconds
Platform modules already initialized, skipping
Refreshing native plugins compatible for Editor in 0.55 ms, found 1 plugins.
Preloading 0 native plugins for Editor in 0.00 ms.
Unloading 1806 Unused Serialized files (Serialized files now loaded: 0)
System memory in use before: 88.4 MB.
System memory in use after: 88.4 MB.

Unloading 12 unused Assets to reduce memory usage. Loaded Objects now: 2319.
Total: 2.282200 ms (FindLiveObjects: 0.249800 ms CreateObjectMapping: 0.047800 ms MarkObjects: 1.856900 ms  DeleteObjects: 0.126400 ms)

========================================================================
Received Import Request.
  Time since last request: 840.151273 seconds.
  path: Assets/Prefabs/Enemy.prefab
  artifactKey: Guid(1f8653097de488843baf861cfa18ceea) Importer(815301076,1909f56bfc062723c751e8b465ee728b)
Start importing Assets/Prefabs/Enemy.prefab using Guid(1f8653097de488843baf861cfa18ceea) Importer(815301076,1909f56bfc062723c751e8b465ee728b)  -> (artifact id: '05cc6b23c95ce1a4ea90b1103d4f253c') in 0.088356 seconds
  Import took 0.091768 seconds .

========================================================================
Received Prepare
Registering precompiled user dll's ...
Registered in 0.000837 seconds.
Begin MonoManager ReloadAssembly
Native extension for WindowsStandalone target not found
Refreshing native plugins compatible for Editor in 0.37 ms, found 1 plugins.
Preloading 0 native plugins for Editor in 0.00 ms.
Mono: successfully reloaded assembly
- Completed reload, in  0.894 seconds
Platform modules already initialized, skipping
Refreshing native plugins compatible for Editor in 0.51 ms, found 1 plugins.
Preloading 0 native plugins for Editor in 0.00 ms.
Unloading 1806 Unused Serialized files (Serialized files now loaded: 0)
System memory in use before: 88.5 MB.
System memory in use after: 88.4 MB.

Unloading 12 unused Assets to reduce memory usage. Loaded Objects now: 2324.
Total: 2.271500 ms (FindLiveObjects: 0.247300 ms CreateObjectMapping: 0.044100 ms MarkObjects: 1.837600 ms  DeleteObjects: 0.140900 ms)

========================================================================
Received Import Request.
  Time since last request: 11.702841 seconds.
  path: Assets/Prefabs/Enemy.prefab
  artifactKey: Guid(1f8653097de488843baf861cfa18ceea) Importer(815301076,1909f56bfc062723c751e8b465ee728b)
Start importing Assets/Prefabs/Enemy.prefab using Guid(1f8653097de488843baf861cfa18ceea) Importer(815301076,1909f56bfc062723c751e8b465ee728b)  -> (artifact id: '91be95c081a2b61ed33b4f43ce05b20f') in 0.055505 seconds
  Import took 0.075471 seconds .

========================================================================
Received Import Request.
  Time since last request: 7.095300 seconds.
  path: Assets/Prefabs/Enemy.prefab
  artifactKey: Guid(1f8653097de488843baf861cfa18ceea) Importer(815301076,1909f56bfc062723c751e8b465ee728b)
Start importing Assets/Prefabs/Enemy.prefab using Guid(1f8653097de488843baf861cfa18ceea) Importer(815301076,1909f56bfc062723c751e8b465ee728b)  -> (artifact id: 'eba67995f246a9a7b7b8f7e76748dc90') in 0.009502 seconds
  Import took 0.014441 seconds .

========================================================================
Received Import Request.
  Time since last request: 0.006514 seconds.
  path: Assets/Prefabs/Enemy.prefab
  artifactKey: Guid(1f8653097de488843baf861cfa18ceea) Importer(815301076,1909f56bfc062723c751e8b465ee728b)
Start importing Assets/Prefabs/Enemy.prefab using Guid(1f8653097de488843baf861cfa18ceea) Importer(815301076,1909f56bfc062723c751e8b465ee728b)  -> (artifact id: 'eba67995f246a9a7b7b8f7e76748dc90') in 0.006983 seconds
  Import took 0.010147 seconds .

========================================================================
Received Prepare
Registering precompiled user dll's ...
Registered in 0.000828 seconds.
Begin MonoManager ReloadAssembly
Native extension for WindowsStandalone target not found
Refreshing native plugins compatible for Editor in 0.47 ms, found 1 plugins.
Preloading 0 native plugins for Editor in 0.00 ms.
Mono: successfully reloaded assembly
- Completed reload, in  0.889 seconds
Platform modules already initialized, skipping
Refreshing native plugins compatible for Editor in 0.36 ms, found 1 plugins.
Preloading 0 native plugins for Editor in 0.00 ms.
Unloading 1806 Unused Serialized files (Serialized files now loaded: 0)
System memory in use before: 88.5 MB.
System memory in use after: 88.4 MB.

Unloading 12 unused Assets to reduce memory usage. Loaded Objects now: 2329.
Total: 2.260700 ms (FindLiveObjects: 0.261100 ms CreateObjectMapping: 0.058500 ms MarkObjects: 1.809800 ms  DeleteObjects: 0.130400 ms)

========================================================================
Received Import Request.
  Time since last request: 45.724828 seconds.
  path: Assets/Prefabs/Enemy.prefab
  artifactKey: Guid(1f8653097de488843baf861cfa18ceea) Importer(815301076,1909f56bfc062723c751e8b465ee728b)
Start importing Assets/Prefabs/Enemy.prefab using Guid(1f8653097de488843baf861cfa18ceea) Importer(815301076,1909f56bfc062723c751e8b465ee728b)  -> (artifact id: 'b98d1ecd2e8ccb2accf5bff3e900acab') in 0.057438 seconds
  Import took 0.085210 seconds .

========================================================================
Received Prepare
Registering precompiled user dll's ...
Registered in 0.000994 seconds.
Begin MonoManager ReloadAssembly
Native extension for WindowsStandalone target not found
Refreshing native plugins compatible for Editor in 0.43 ms, found 1 plugins.
Preloading 0 native plugins for Editor in 0.00 ms.
Mono: successfully reloaded assembly
- Completed reload, in  0.884 seconds
Platform modules already initialized, skipping
Refreshing native plugins compatible for Editor in 0.37 ms, found 1 plugins.
Preloading 0 native plugins for Editor in 0.00 ms.
Unloading 1806 Unused Serialized files (Serialized files now loaded: 0)
System memory in use before: 88.5 MB.
System memory in use after: 88.5 MB.

Unloading 12 unused Assets to reduce memory usage. Loaded Objects now: 2334.
Total: 2.137300 ms (FindLiveObjects: 0.209100 ms CreateObjectMapping: 0.044100 ms MarkObjects: 1.759000 ms  DeleteObjects: 0.124000 ms)

========================================================================
Received Prepare
Registering precompiled user dll's ...
Registered in 0.000833 seconds.
Begin MonoManager ReloadAssembly
Native extension for WindowsStandalone target not found
Refreshing native plugins compatible for Editor in 0.39 ms, found 1 plugins.
Preloading 0 native plugins for Editor in 0.00 ms.
Mono: successfully reloaded assembly
- Completed reload, in  0.875 seconds
Platform modules already initialized, skipping
Refreshing native plugins compatible for Editor in 0.43 ms, found 1 plugins.
Preloading 0 native plugins for Editor in 0.00 ms.
Unloading 1806 Unused Serialized files (Serialized files now loaded: 0)
System memory in use before: 88.5 MB.
System memory in use after: 88.5 MB.

Unloading 12 unused Assets to reduce memory usage. Loaded Objects now: 2338.
Total: 2.091400 ms (FindLiveObjects: 0.203300 ms CreateObjectMapping: 0.044900 ms MarkObjects: 1.723200 ms  DeleteObjects: 0.119100 ms)

========================================================================
Received Prepare
Registering precompiled user dll's ...
Registered in 0.000845 seconds.
Begin MonoManager ReloadAssembly
Native extension for WindowsStandalone target not found
Refreshing native plugins compatible for Editor in 0.40 ms, found 1 plugins.
Preloading 0 native plugins for Editor in 0.00 ms.
Mono: successfully reloaded assembly
- Completed reload, in  0.865 seconds
Platform modules already initialized, skipping
Refreshing native plugins compatible for Editor in 0.45 ms, found 1 plugins.
Preloading 0 native plugins for Editor in 0.00 ms.
Unloading 1806 Unused Serialized files (Serialized files now loaded: 0)
System memory in use before: 88.5 MB.
System memory in use after: 88.5 MB.

Unloading 12 unused Assets to reduce memory usage. Loaded Objects now: 2342.
Total: 2.244500 ms (FindLiveObjects: 0.357400 ms CreateObjectMapping: 0.051700 ms MarkObjects: 1.711500 ms  DeleteObjects: 0.123100 ms)

========================================================================
Received Prepare
Registering precompiled user dll's ...
Registered in 0.000834 seconds.
Begin MonoManager ReloadAssembly
Native extension for WindowsStandalone target not found
Refreshing native plugins compatible for Editor in 0.38 ms, found 1 plugins.
Preloading 0 native plugins for Editor in 0.00 ms.
Mono: successfully reloaded assembly
- Completed reload, in  0.861 seconds
Platform modules already initialized, skipping
Refreshing native plugins compatible for Editor in 0.37 ms, found 1 plugins.
Preloading 0 native plugins for Editor in 0.00 ms.
Unloading 1806 Unused Serialized files (Serialized files now loaded: 0)
System memory in use before: 88.5 MB.
System memory in use after: 88.5 MB.

Unloading 12 unused Assets to reduce memory usage. Loaded Objects now: 2346.
Total: 2.140700 ms (FindLiveObjects: 0.209700 ms CreateObjectMapping: 0.046400 ms MarkObjects: 1.735500 ms  DeleteObjects: 0.147600 ms)

========================================================================
Received Prepare
Registering precompiled user dll's ...
Registered in 0.000874 seconds.
Begin MonoManager ReloadAssembly
Native extension for WindowsStandalone target not found
Refreshing native plugins compatible for Editor in 0.37 ms, found 1 plugins.
Preloading 0 native plugins for Editor in 0.00 ms.
Mono: successfully reloaded assembly
- Completed reload, in  0.870 seconds
Platform modules already initialized, skipping
Refreshing native plugins compatible for Editor in 0.37 ms, found 1 plugins.
Preloading 0 native plugins for Editor in 0.00 ms.
Unloading 1806 Unused Serialized files (Serialized files now loaded: 0)
System memory in use before: 88.5 MB.
System memory in use after: 88.5 MB.

Unloading 12 unused Assets to reduce memory usage. Loaded Objects now: 2350.
Total: 2.047800 ms (FindLiveObjects: 0.215900 ms CreateObjectMapping: 0.044100 ms MarkObjects: 1.668800 ms  DeleteObjects: 0.118100 ms)

========================================================================
Received Prepare
Registering precompiled user dll's ...
Registered in 0.001071 seconds.
Begin MonoManager ReloadAssembly
Native extension for WindowsStandalone target not found
Refreshing native plugins compatible for Editor in 0.37 ms, found 1 plugins.
Preloading 0 native plugins for Editor in 0.00 ms.
Mono: successfully reloaded assembly
- Completed reload, in  0.887 seconds
Platform modules already initialized, skipping
Refreshing native plugins compatible for Editor in 0.37 ms, found 1 plugins.
Preloading 0 native plugins for Editor in 0.00 ms.
Unloading 1806 Unused Serialized files (Serialized files now loaded: 0)
System memory in use before: 88.5 MB.
System memory in use after: 88.5 MB.

Unloading 12 unused Assets to reduce memory usage. Loaded Objects now: 2354.
Total: 2.026500 ms (FindLiveObjects: 0.218200 ms CreateObjectMapping: 0.044400 ms MarkObjects: 1.639300 ms  DeleteObjects: 0.123500 ms)

========================================================================
Received Prepare
Registering precompiled user dll's ...
Registered in 0.000877 seconds.
Begin MonoManager ReloadAssembly
Native extension for WindowsStandalone target not found
Refreshing native plugins compatible for Editor in 0.37 ms, found 1 plugins.
Preloading 0 native plugins for Editor in 0.00 ms.
Mono: successfully reloaded assembly
- Completed reload, in  0.881 seconds
Platform modules already initialized, skipping
Refreshing native plugins compatible for Editor in 0.38 ms, found 1 plugins.
Preloading 0 native plugins for Editor in 0.00 ms.
Unloading 1806 Unused Serialized files (Serialized files now loaded: 0)
System memory in use before: 88.5 MB.
System memory in use after: 88.5 MB.

Unloading 12 unused Assets to reduce memory usage. Loaded Objects now: 2358.
Total: 2.236800 ms (FindLiveObjects: 0.321600 ms CreateObjectMapping: 0.072400 ms MarkObjects: 1.724100 ms  DeleteObjects: 0.117400 ms)

========================================================================
Received Prepare
Registering precompiled user dll's ...
Registered in 0.000966 seconds.
Begin MonoManager ReloadAssembly
Native extension for WindowsStandalone target not found
Refreshing native plugins compatible for Editor in 0.37 ms, found 1 plugins.
Preloading 0 native plugins for Editor in 0.00 ms.
Mono: successfully reloaded assembly
- Completed reload, in  0.853 seconds
Platform modules already initialized, skipping
Refreshing native plugins compatible for Editor in 0.37 ms, found 1 plugins.
Preloading 0 native plugins for Editor in 0.00 ms.
Unloading 1806 Unused Serialized files (Serialized files now loaded: 0)
System memory in use before: 88.5 MB.
System memory in use after: 88.5 MB.

Unloading 12 unused Assets to reduce memory usage. Loaded Objects now: 2362.
Total: 2.001800 ms (FindLiveObjects: 0.216800 ms CreateObjectMapping: 0.043800 ms MarkObjects: 1.619400 ms  DeleteObjects: 0.121000 ms)

========================================================================
Received Import Request.
  Time since last request: 331.712480 seconds.
  path: Assets/Prefabs/Path(0).prefab
  artifactKey: Guid(ae91ff08f7930b6419a50e1a3051c9da) Importer(815301076,1909f56bfc062723c751e8b465ee728b)
Start importing Assets/Prefabs/Path(0).prefab using Guid(ae91ff08f7930b6419a50e1a3051c9da) Importer(815301076,1909f56bfc062723c751e8b465ee728b)  -> (artifact id: 'b5f00fa138844c9146a920371b88515d') in 0.029561 seconds
  Import took 0.033117 seconds .

========================================================================
Received Prepare
Registering precompiled user dll's ...
Registered in 0.000839 seconds.
Begin MonoManager ReloadAssembly
Native extension for WindowsStandalone target not found
Refreshing native plugins compatible for Editor in 0.38 ms, found 1 plugins.
Preloading 0 native plugins for Editor in 0.00 ms.
Mono: successfully reloaded assembly
- Completed reload, in  0.884 seconds
Platform modules already initialized, skipping
Refreshing native plugins compatible for Editor in 0.49 ms, found 1 plugins.
Preloading 0 native plugins for Editor in 0.00 ms.
Unloading 1806 Unused Serialized files (Serialized files now loaded: 0)
System memory in use before: 88.5 MB.
System memory in use after: 88.5 MB.

Unloading 12 unused Assets to reduce memory usage. Loaded Objects now: 2366.
Total: 2.143600 ms (FindLiveObjects: 0.286300 ms CreateObjectMapping: 0.045000 ms MarkObjects: 1.694700 ms  DeleteObjects: 0.116600 ms)

========================================================================
Received Prepare
Registering precompiled user dll's ...
Registered in 0.000912 seconds.
Begin MonoManager ReloadAssembly
Native extension for WindowsStandalone target not found
Refreshing native plugins compatible for Editor in 0.37 ms, found 1 plugins.
Preloading 0 native plugins for Editor in 0.00 ms.
Mono: successfully reloaded assembly
- Completed reload, in  0.892 seconds
Platform modules already initialized, skipping
Refreshing native plugins compatible for Editor in 0.37 ms, found 1 plugins.
Preloading 0 native plugins for Editor in 0.00 ms.
Unloading 1806 Unused Serialized files (Serialized files now loaded: 0)
System memory in use before: 88.5 MB.
System memory in use after: 88.5 MB.

Unloading 12 unused Assets to reduce memory usage. Loaded Objects now: 2370.
Total: 1.975200 ms (FindLiveObjects: 0.181100 ms CreateObjectMapping: 0.042200 ms MarkObjects: 1.633600 ms  DeleteObjects: 0.117600 ms)

========================================================================
Received Prepare
Registering precompiled user dll's ...
Registered in 0.000868 seconds.
Begin MonoManager ReloadAssembly
Native extension for WindowsStandalone target not found
Refreshing native plugins compatible for Editor in 0.37 ms, found 1 plugins.
Preloading 0 native plugins for Editor in 0.00 ms.
Mono: successfully reloaded assembly
- Completed reload, in  0.921 seconds
Platform modules already initialized, skipping
Refreshing native plugins compatible for Editor in 0.59 ms, found 1 plugins.
Preloading 0 native plugins for Editor in 0.00 ms.
Unloading 1806 Unused Serialized files (Serialized files now loaded: 0)
System memory in use before: 88.6 MB.
System memory in use after: 88.5 MB.

Unloading 12 unused Assets to reduce memory usage. Loaded Objects now: 2374.
Total: 2.048100 ms (FindLiveObjects: 0.205000 ms CreateObjectMapping: 0.043500 ms MarkObjects: 1.673300 ms  DeleteObjects: 0.124600 ms)

========================================================================
Received Prepare
Registering precompiled user dll's ...
Registered in 0.000828 seconds.
Begin MonoManager ReloadAssembly
Native extension for WindowsStandalone target not found
Refreshing native plugins compatible for Editor in 0.38 ms, found 1 plugins.
Preloading 0 native plugins for Editor in 0.00 ms.
Mono: successfully reloaded assembly
- Completed reload, in  0.889 seconds
Platform modules already initialized, skipping
Refreshing native plugins compatible for Editor in 0.48 ms, found 1 plugins.
Preloading 0 native plugins for Editor in 0.00 ms.
Unloading 1806 Unused Serialized files (Serialized files now loaded: 0)
System memory in use before: 88.6 MB.
System memory in use after: 88.5 MB.

Unloading 12 unused Assets to reduce memory usage. Loaded Objects now: 2378.
Total: 2.109400 ms (FindLiveObjects: 0.241300 ms CreateObjectMapping: 0.045000 ms MarkObjects: 1.698200 ms  DeleteObjects: 0.123900 ms)

========================================================================
Received Prepare
Registering precompiled user dll's ...
Registered in 0.000832 seconds.
Begin MonoManager ReloadAssembly
Native extension for WindowsStandalone target not found
Refreshing native plugins compatible for Editor in 0.37 ms, found 1 plugins.
Preloading 0 native plugins for Editor in 0.00 ms.
Mono: successfully reloaded assembly
- Completed reload, in  0.908 seconds
Platform modules already initialized, skipping
Refreshing native plugins compatible for Editor in 0.36 ms, found 1 plugins.
Preloading 0 native plugins for Editor in 0.00 ms.
Unloading 1806 Unused Serialized files (Serialized files now loaded: 0)
System memory in use before: 88.6 MB.
System memory in use after: 88.5 MB.

Unloading 12 unused Assets to reduce memory usage. Loaded Objects now: 2382.
Total: 2.149100 ms (FindLiveObjects: 0.208800 ms CreateObjectMapping: 0.045700 ms MarkObjects: 1.772600 ms  DeleteObjects: 0.120900 ms)

========================================================================
Received Prepare
Registering precompiled user dll's ...
Registered in 0.000856 seconds.
Begin MonoManager ReloadAssembly
Native extension for WindowsStandalone target not found
Refreshing native plugins compatible for Editor in 0.37 ms, found 1 plugins.
Preloading 0 native plugins for Editor in 0.00 ms.
Mono: successfully reloaded assembly
- Completed reload, in  0.865 seconds
Platform modules already initialized, skipping
Refreshing native plugins compatible for Editor in 0.71 ms, found 1 plugins.
Preloading 0 native plugins for Editor in 0.00 ms.
Unloading 1806 Unused Serialized files (Serialized files now loaded: 0)
System memory in use before: 88.6 MB.
System memory in use after: 88.6 MB.

Unloading 12 unused Assets to reduce memory usage. Loaded Objects now: 2386.
Total: 2.471700 ms (FindLiveObjects: 0.294600 ms CreateObjectMapping: 0.099700 ms MarkObjects: 1.946900 ms  DeleteObjects: 0.129300 ms)

========================================================================
Received Prepare
Registering precompiled user dll's ...
Registered in 0.001211 seconds.
Begin MonoManager ReloadAssembly
Native extension for WindowsStandalone target not found
Refreshing native plugins compatible for Editor in 0.38 ms, found 1 plugins.
Preloading 0 native plugins for Editor in 0.00 ms.
Mono: successfully reloaded assembly
- Completed reload, in  0.869 seconds
Platform modules already initialized, skipping
Refreshing native plugins compatible for Editor in 0.58 ms, found 1 plugins.
Preloading 0 native plugins for Editor in 0.00 ms.
Unloading 1806 Unused Serialized files (Serialized files now loaded: 0)
System memory in use before: 88.6 MB.
System memory in use after: 88.6 MB.

Unloading 12 unused Assets to reduce memory usage. Loaded Objects now: 2390.
Total: 2.199000 ms (FindLiveObjects: 0.209500 ms CreateObjectMapping: 0.045600 ms MarkObjects: 1.824000 ms  DeleteObjects: 0.119000 ms)

========================================================================
Received Import Request.
  Time since last request: 231.711722 seconds.
  path: Assets/Prefabs/Enemy.prefab
  artifactKey: Guid(1f8653097de488843baf861cfa18ceea) Importer(815301076,1909f56bfc062723c751e8b465ee728b)
Start importing Assets/Prefabs/Enemy.prefab using Guid(1f8653097de488843baf861cfa18ceea) Importer(815301076,1909f56bfc062723c751e8b465ee728b)  -> (artifact id: '64ccd57c758631615f8b7ffffdb4ecd2') in 0.054776 seconds
  Import took 0.057847 seconds .

