Using pre-set license
Built from '2020.3/release' branch; Version is '2020.3.7f1 (dd97f2c94397) revision 14522354'; Using compiler version '192528614'; Build Type 'Release'
OS: 'Windows 10 Home; OS build 19042.985; Version 2009; 64bit' Language: 'en' Physical Memory: 16335 MB
BatchMode: 1, IsHumanControllingUs: 0, StartBugReporterOnCrash: 0, Is64bit: 1, IsPro: 0

 COMMAND LINE ARGUMENTS:
E:\___PROGRAMMING\Unity\2020.3.7f1\Editor\Unity.exe
-adb2
-batchMode
-noUpm
-name
AssetImportWorker0
-projectPath
E:/___PROGRAMMING/Unity/Top-Down Basic/DieHard Racers
-logFile
Logs/AssetImportWorker0.log
-srvPort
58660
Successfully changed project path to: E:/___PROGRAMMING/Unity/Top-Down Basic/DieHard Racers
E:/___PROGRAMMING/Unity/Top-Down Basic/DieHard Racers
Using Asset Import Pipeline V2.
Refreshing native plugins compatible for Editor in 37.46 ms, found 1 plugins.
Preloading 0 native plugins for Editor in 0.00 ms.
Initialize engine version: 2020.3.7f1 (dd97f2c94397)
[Subsystems] Discovering subsystems at path E:/___PROGRAMMING/Unity/2020.3.7f1/Editor/Data/Resources/UnitySubsystems
[Subsystems] Discovering subsystems at path E:/___PROGRAMMING/Unity/Top-Down Basic/DieHard Racers/Assets
GfxDevice: creating device client; threaded=0
Direct3D:
    Version:  Direct3D 11.0 [level 11.1]
    Renderer: NVIDIA GeForce GTX 1060 6GB (ID=0x1c03)
    Vendor:   
    VRAM:     6052 MB
    Driver:   27.21.14.6627
Initialize mono
Mono path[0] = 'E:/___PROGRAMMING/Unity/2020.3.7f1/Editor/Data/Managed'
Mono path[1] = 'E:/___PROGRAMMING/Unity/2020.3.7f1/Editor/Data/MonoBleedingEdge/lib/mono/unityjit'
Mono config path = 'E:/___PROGRAMMING/Unity/2020.3.7f1/Editor/Data/MonoBleedingEdge/etc'
Using monoOptions --debugger-agent=transport=dt_socket,embedding=1,server=y,suspend=n,address=127.0.0.1:56384
Begin MonoManager ReloadAssembly
Registering precompiled unity dll's ...
Register platform support module: E:/___PROGRAMMING/Unity/2020.3.7f1/Editor/Data/PlaybackEngines/WindowsStandaloneSupport/UnityEditor.WindowsStandalone.Extensions.dll
Registered in 0.001195 seconds.
Native extension for WindowsStandalone target not found
Refreshing native plugins compatible for Editor in 41.46 ms, found 1 plugins.
Preloading 0 native plugins for Editor in 0.00 ms.
Mono: successfully reloaded assembly
- Completed reload, in  1.000 seconds
Platform modules already initialized, skipping
Registering precompiled user dll's ...
Registered in 0.000786 seconds.
Begin MonoManager ReloadAssembly
Native extension for WindowsStandalone target not found
Refreshing native plugins compatible for Editor in 40.32 ms, found 1 plugins.
Preloading 0 native plugins for Editor in 0.00 ms.
Mono: successfully reloaded assembly
- Completed reload, in  0.978 seconds
Platform modules already initialized, skipping
========================================================================
Worker process is ready to serve import requests
Launched and connected shader compiler UnityShaderCompiler.exe after 0.05 seconds
Refreshing native plugins compatible for Editor in 0.34 ms, found 1 plugins.
Preloading 0 native plugins for Editor in 0.00 ms.
Unloading 1808 Unused Serialized files (Serialized files now loaded: 0)
System memory in use before: 84.9 MB.
System memory in use after: 84.8 MB.

Unloading 24 unused Assets to reduce memory usage. Loaded Objects now: 2250.
Total: 2.273700 ms (FindLiveObjects: 0.254700 ms CreateObjectMapping: 0.050700 ms MarkObjects: 1.834000 ms  DeleteObjects: 0.133200 ms)

========================================================================
Received Import Request.
  path: Assets/Scenes/SampleScene.unity
  artifactKey: Guid(2cda990e2423bbf4892e6590ba056729) Importer(815301076,1909f56bfc062723c751e8b465ee728b)
Start importing Assets/Scenes/SampleScene.unity using Guid(2cda990e2423bbf4892e6590ba056729) Importer(815301076,1909f56bfc062723c751e8b465ee728b)  -> (artifact id: '3dced07946141a818ed93299133b55e1') in 0.028074 seconds
  Import took 0.053481 seconds .

========================================================================
Received Import Request.
  Time since last request: 44.422933 seconds.
  path: Assets/Scenes
  artifactKey: Guid(00954cd33dc130e42a67955294bae262) Importer(815301076,1909f56bfc062723c751e8b465ee728b)
Start importing Assets/Scenes using Guid(00954cd33dc130e42a67955294bae262) Importer(815301076,1909f56bfc062723c751e8b465ee728b)  -> (artifact id: '2bdd2ff31bb6630b3ac7f2b4bc786833') in 0.007837 seconds
  Import took 0.012637 seconds .

========================================================================
Received Import Request.
  Time since last request: 152.493023 seconds.
  path: Assets/Scenes/New Sprite Library Asset.asset
  artifactKey: Guid(3f546c89ca068644c9c6b957257e17a3) Importer(815301076,1909f56bfc062723c751e8b465ee728b)
Start importing Assets/Scenes/New Sprite Library Asset.asset using Guid(3f546c89ca068644c9c6b957257e17a3) Importer(815301076,1909f56bfc062723c751e8b465ee728b)  -> (artifact id: '0c83e6aa079ef5ae645ad06ef041d4eb') in 0.033875 seconds
  Import took 0.037199 seconds .

========================================================================
Received Import Request.
  Time since last request: 200.350491 seconds.
  path: Assets/spritesheet_vehicles.png
  artifactKey: Guid(e2b043834a761614db4518435c9210c0) Importer(815301076,1909f56bfc062723c751e8b465ee728b)
Start importing Assets/spritesheet_vehicles.png using Guid(e2b043834a761614db4518435c9210c0) Importer(815301076,1909f56bfc062723c751e8b465ee728b)  -> (artifact id: '4a555a02f3d91ef31d46a4f4f95ce7fd') in 0.200111 seconds
  Import took 0.203368 seconds .

========================================================================
Received Import Request.
  Time since last request: 156.218687 seconds.
  path: Assets/spritesheet_vehicles.png
  artifactKey: Guid(e2b043834a761614db4518435c9210c0) Importer(815301076,1909f56bfc062723c751e8b465ee728b)
Start importing Assets/spritesheet_vehicles.png using Guid(e2b043834a761614db4518435c9210c0) Importer(815301076,1909f56bfc062723c751e8b465ee728b)  -> (artifact id: '814b10aa56769104cac314a21e0043d3') in 0.015660 seconds
  Import took 0.019575 seconds .

AssetImportWorkerClient::OnTransportError - code=2 error=End of file
